[debug] [2023-10-12T21:58:59.924Z] ----------------------------------------------------------------------
[debug] [2023-10-12T21:58:59.925Z] Command:       /Users/jadon/.nvm/versions/node/v20.7.0/bin/node /Users/jadon/.nvm/versions/node/v20.7.0/bin/firebase init
[debug] [2023-10-12T21:58:59.926Z] CLI Version:   12.7.0
[debug] [2023-10-12T21:58:59.926Z] Platform:      darwin
[debug] [2023-10-12T21:58:59.926Z] Node Version:  v20.7.0
[debug] [2023-10-12T21:58:59.926Z] Time:          Thu Oct 12 2023 16:58:59 GMT-0500 (Central Daylight Time)
[debug] [2023-10-12T21:58:59.926Z] ----------------------------------------------------------------------
[debug] 
[debug] [2023-10-12T21:58:59.928Z] > command requires scopes: ["email","openid","https://www.googleapis.com/auth/cloudplatformprojects.readonly","https://www.googleapis.com/auth/firebase","https://www.googleapis.com/auth/cloud-platform"]
[debug] [2023-10-12T21:58:59.928Z] > authorizing via signed-in user (awesomeabcj@gmail.com)
[info] 
     ######## #### ########  ######## ########     ###     ######  ########
     ##        ##  ##     ## ##       ##     ##  ##   ##  ##       ##
     ######    ##  ########  ######   ########  #########  ######  ######
     ##        ##  ##    ##  ##       ##     ## ##     ##       ## ##
     ##       #### ##     ## ######## ########  ##     ##  ######  ########

You're about to initialize a Firebase project in this directory:

  /Users/jadon/Desktop/Fall 2023/392/wildcatracker/WILDCATracker

[debug] [2023-10-12T22:00:28.355Z] ----------------------------------------------------------------------
[debug] [2023-10-12T22:00:28.357Z] Command:       /Users/jadon/.nvm/versions/node/v20.7.0/bin/node /Users/jadon/.nvm/versions/node/v20.7.0/bin/firebase init
[debug] [2023-10-12T22:00:28.357Z] CLI Version:   12.7.0
[debug] [2023-10-12T22:00:28.357Z] Platform:      darwin
[debug] [2023-10-12T22:00:28.357Z] Node Version:  v20.7.0
[debug] [2023-10-12T22:00:28.357Z] Time:          Thu Oct 12 2023 17:00:28 GMT-0500 (Central Daylight Time)
[debug] [2023-10-12T22:00:28.357Z] ----------------------------------------------------------------------
[debug] 
[debug] [2023-10-12T22:00:28.359Z] > command requires scopes: ["email","openid","https://www.googleapis.com/auth/cloudplatformprojects.readonly","https://www.googleapis.com/auth/firebase","https://www.googleapis.com/auth/cloud-platform"]
[debug] [2023-10-12T22:00:28.360Z] > authorizing via signed-in user (awesomeabcj@gmail.com)
[info] 
     ######## #### ########  ######## ########     ###     ######  ########
     ##        ##  ##     ## ##       ##     ##  ##   ##  ##       ##
     ######    ##  ########  ######   ########  #########  ######  ######
     ##        ##  ##    ##  ##       ##     ## ##     ##       ## ##
     ##       #### ##     ## ######## ########  ##     ##  ######  ########

You're about to initialize a Firebase project in this directory:

  /Users/jadon/Desktop/Fall 2023/392/wildcatracker/WILDCATracker

[info] 
=== Project Setup
[info] 
[info] First, let's associate this project directory with a Firebase project.
[info] You can create multiple project aliases by running firebase use --add, 
[info] but for now we'll just set up a default project.
[info] 
[debug] [2023-10-12T22:00:33.665Z] > refreshing access token with scopes: []
[debug] [2023-10-12T22:00:33.667Z] >>> [apiv2][query] POST https://www.googleapis.com/oauth2/v3/token [none]
[debug] [2023-10-12T22:00:33.667Z] >>> [apiv2][body] POST https://www.googleapis.com/oauth2/v3/token [omitted]
[debug] [2023-10-12T22:00:33.912Z] <<< [apiv2][status] POST https://www.googleapis.com/oauth2/v3/token 200
[debug] [2023-10-12T22:00:33.912Z] <<< [apiv2][body] POST https://www.googleapis.com/oauth2/v3/token [omitted]
[debug] [2023-10-12T22:00:33.923Z] >>> [apiv2][query] GET https://firebase.googleapis.com/v1beta1/projects pageSize=100
[debug] [2023-10-12T22:00:34.318Z] <<< [apiv2][status] GET https://firebase.googleapis.com/v1beta1/projects 200
[debug] [2023-10-12T22:00:34.318Z] <<< [apiv2][body] GET https://firebase.googleapis.com/v1beta1/projects [omitted]
[info] i  Using project wildcatracker (WildcaTracker) 
[info] 
=== Hosting Setup
[info] 
[info] Your public directory is the folder (relative to your project directory) that
[info] will contain Hosting assets to be uploaded with firebase deploy. If you
[info] have a build process for your assets, use your build's output directory.
[info] 
